<?xml version="1.0" encoding="UTF-8"?>
<!-- Generated by org.testng.reporters.JUnitReportReporter -->
<testsuite skipped="0" hostname="LAPTOP-A044GIHC" name="testcases.TC001_LoginAndLogout" tests="2" failures="0" timestamp="20 May 2018 05:28:00 GMT" time="14.484" errors="0">
  <testcase name="loginAndLogout" time="7.038" classname="testcases.TC001_LoginAndLogout"/>
  <testcase name="loginAndLogout" time="7.446" classname="testcases.TC001_LoginAndLogout"/>
</testsuite> <!-- testcases.TC001_LoginAndLogout -->
