<?xml version="1.0" encoding="UTF-8"?>
<!-- Generated by org.testng.reporters.JUnitReportReporter -->
<testsuite skipped="0" hostname="LAPTOP-A044GIHC" name="testcases.TC004_EditLead" tests="2" failures="0" timestamp="12 May 2018 06:24:37 GMT" time="61.973" errors="0">
  <testcase name="loginAndLogout" time="16.666" classname="testcases.TC004_EditLead"/>
  <testcase name="loginAndLogout" time="45.307" classname="testcases.TC004_EditLead"/>
</testsuite> <!-- testcases.TC004_EditLead -->
